<?xml version="1.0" encoding="UTF-8"?>
<!-- Generated by org.testng.reporters.JUnitReportReporter -->
<testsuite hostname="mrolap03" failures="0" tests="3" name="Test.Test123" time="0.019" errors="0" timestamp="2024-10-24T18:52:14 IST" skipped="0">
  <testcase classname="Test.Test123" name="test_B" time="0.008"/>
  <system-out/>
  <testcase classname="Test.Test123" name="test_C" time="0.008"/>
  <system-out/>
  <testcase classname="Test.Test123" name="test_A" time="0.003"/>
  <system-out/>
</testsuite> <!-- Test.Test123 -->
