<?xml version="1.0" encoding="UTF-8"?>
<!-- Generated by org.testng.reporters.JUnitReportReporter -->
<testsuite hostname="mrolap03" failures="0" tests="3" name="Test.TestClass_1" time="0.055" errors="0" timestamp="2024-10-24T18:52:14 IST" skipped="0">
  <testcase classname="Test.TestClass_1" name="test_B" time="0.004"/>
  <system-out/>
  <testcase classname="Test.TestClass_1" name="test_A" time="0.047"/>
  <system-out/>
  <testcase classname="Test.TestClass_1" name="test_C" time="0.004"/>
  <system-out/>
</testsuite> <!-- Test.TestClass_1 -->
